0 info it worked if it ends with ok
1 verbose cli [ '/usr/local/bin/node', '/usr/local/bin/npm', 'run', 'app:dev' ]
2 info using npm@3.6.0
3 info using node@v5.6.0
4 verbose run-script [ 'preapp:dev', 'app:dev', 'postapp:dev' ]
5 info lifecycle joanboixados@1.0.0~preapp:dev: joanboixados@1.0.0
6 silly lifecycle joanboixados@1.0.0~preapp:dev: no script for preapp:dev, continuing
7 info lifecycle joanboixados@1.0.0~app:dev: joanboixados@1.0.0
8 verbose lifecycle joanboixados@1.0.0~app:dev: unsafe-perm in lifecycle true
9 verbose lifecycle joanboixados@1.0.0~app:dev: PATH: /usr/local/lib/node_modules/npm/bin/node-gyp-bin:/Users/mezod/Desktop/projects/joanboixados/node_modules/.bin:/Library/Frameworks/Python.framework/Versions/3.5/bin:/usr/bin:/bin:/usr/sbin:/sbin:/usr/local/bin
10 verbose lifecycle joanboixados@1.0.0~app:dev: CWD: /Users/mezod/Desktop/projects/joanboixados
11 silly lifecycle joanboixados@1.0.0~app:dev: Args: [ '-c', 'webpack-dev-server' ]
12 silly lifecycle joanboixados@1.0.0~app:dev: Returned: code: 1  signal: null
13 info lifecycle joanboixados@1.0.0~app:dev: Failed to exec app:dev script
14 verbose stack Error: joanboixados@1.0.0 app:dev: `webpack-dev-server`
14 verbose stack Exit status 1
14 verbose stack     at EventEmitter.<anonymous> (/usr/local/lib/node_modules/npm/lib/utils/lifecycle.js:232:16)
14 verbose stack     at emitTwo (events.js:100:13)
14 verbose stack     at EventEmitter.emit (events.js:185:7)
14 verbose stack     at ChildProcess.<anonymous> (/usr/local/lib/node_modules/npm/lib/utils/spawn.js:24:14)
14 verbose stack     at emitTwo (events.js:100:13)
14 verbose stack     at ChildProcess.emit (events.js:185:7)
14 verbose stack     at maybeClose (internal/child_process.js:827:16)
14 verbose stack     at Process.ChildProcess._handle.onexit (internal/child_process.js:211:5)
15 verbose pkgid joanboixados@1.0.0
16 verbose cwd /Users/mezod/Desktop/projects/joanboixados
17 error Darwin 13.3.0
18 error argv "/usr/local/bin/node" "/usr/local/bin/npm" "run" "app:dev"
19 error node v5.6.0
20 error npm  v3.6.0
21 error code ELIFECYCLE
22 error joanboixados@1.0.0 app:dev: `webpack-dev-server`
22 error Exit status 1
23 error Failed at the joanboixados@1.0.0 app:dev script 'webpack-dev-server'.
23 error Make sure you have the latest version of node.js and npm installed.
23 error If you do, this is most likely a problem with the joanboixados package,
23 error not with npm itself.
23 error Tell the author that this fails on your system:
23 error     webpack-dev-server
23 error You can get information on how to open an issue for this project with:
23 error     npm bugs joanboixados
23 error Or if that isn't available, you can get their info via:
23 error     npm owner ls joanboixados
23 error There is likely additional logging output above.
24 verbose exit [ 1, true ]
